<?xml version="1.0" encoding="UTF-8"?>
<!-- Generated by org.testng.reporters.JUnitReportReporter -->
<testsuite hostname="LAPTOP-T196F861" failures="0" tests="3" name="week2day1.CreateLead" time="18.768" errors="0" timestamp="2023-02-23T01:02:49 IST" skipped="0">
  <testcase classname="week2day1.CreateLead" name="CreateLead" time="5.928"/>
  <system-out/>
  <testcase classname="week2day1.CreateLead" name="CreateLead" time="7.563"/>
  <system-out/>
  <testcase classname="week2day1.CreateLead" name="CreateLead" time="5.277"/>
  <system-out/>
</testsuite> <!-- week2day1.CreateLead -->
