<?xml version="1.0" encoding="UTF-8"?>
<!-- Generated by org.testng.reporters.JUnitReportReporter -->
<testsuite hostname="LAPTOP-T196F861" failures="0" tests="1" name="week2day1.DeleteLead" time="12.693" errors="0" timestamp="2023-02-23T01:02:49 IST" skipped="0">
  <testcase classname="week2day1.DeleteLead" name="main" time="12.693"/>
  <system-out/>
</testsuite> <!-- week2day1.DeleteLead -->
